0 info it worked if it ends with ok
1 verbose cli [ '/usr/bin/node', '/usr/bin/npm', 'install', 'http-server', '-g' ]
2 info using npm@1.4.28
3 info using node@v0.10.38
4 verbose node symlink /usr/bin/node
5 verbose cache add [ 'http-server', null ]
6 verbose cache add name=undefined spec="http-server" args=["http-server",null]
7 verbose parsed url { protocol: null,
7 verbose parsed url   slashes: null,
7 verbose parsed url   auth: null,
7 verbose parsed url   host: null,
7 verbose parsed url   port: null,
7 verbose parsed url   hostname: null,
7 verbose parsed url   hash: null,
7 verbose parsed url   search: null,
7 verbose parsed url   query: null,
7 verbose parsed url   pathname: 'http-server',
7 verbose parsed url   path: 'http-server',
7 verbose parsed url   href: 'http-server' }
8 silly lockFile ed608307-http-server http-server
9 verbose lock http-server /home/valik-pc/.npm/ed608307-http-server.lock
10 silly lockFile ed608307-http-server http-server
11 silly lockFile ed608307-http-server http-server
12 verbose addNamed [ 'http-server', '' ]
13 verbose addNamed [ null, '*' ]
14 silly lockFile 550353c6-http-server http-server@
15 verbose lock http-server@ /home/valik-pc/.npm/550353c6-http-server.lock
16 silly addNameRange { name: 'http-server', range: '*', hasData: false }
17 verbose request where is /http-server
18 verbose request registry https://registry.npmjs.org/
19 verbose request id c7bc54484d268c8b
20 verbose url raw /http-server
21 verbose url resolving [ 'https://registry.npmjs.org/', './http-server' ]
22 verbose url resolved https://registry.npmjs.org/http-server
23 verbose request where is https://registry.npmjs.org/http-server
24 info trying registry request attempt 1 at 01:46:54
25 verbose etag "C6GTZ3AD3TFNGXERVAC72J3W6"
26 http GET https://registry.npmjs.org/http-server
27 http 200 https://registry.npmjs.org/http-server
28 silly registry.get cb [ 200,
28 silly registry.get   { server: 'CouchDB/1.5.0 (Erlang OTP/R16B03)',
28 silly registry.get     etag: '"AU9UTN5JDUMCLBM8A61GMCFAZ"',
28 silly registry.get     'content-type': 'application/json',
28 silly registry.get     'cache-control': 'max-age=60',
28 silly registry.get     'content-length': '45287',
28 silly registry.get     'accept-ranges': 'bytes',
28 silly registry.get     date: 'Sun, 06 Sep 2015 22:46:55 GMT',
28 silly registry.get     via: '1.1 varnish',
28 silly registry.get     age: '0',
28 silly registry.get     connection: 'keep-alive',
28 silly registry.get     'x-served-by': 'cache-ams4124-AMS',
28 silly registry.get     'x-cache': 'HIT',
28 silly registry.get     'x-cache-hits': '1',
28 silly registry.get     'x-timer': 'S1441579615.259024,VS0,VE383',
28 silly registry.get     vary: 'Accept' } ]
29 silly addNameRange number 2 { name: 'http-server', range: '*', hasData: true }
30 silly addNameRange versions [ 'http-server',
30 silly addNameRange   [ '0.1.0',
30 silly addNameRange     '0.1.1',
30 silly addNameRange     '0.1.3',
30 silly addNameRange     '0.2.1',
30 silly addNameRange     '0.2.2',
30 silly addNameRange     '0.2.3',
30 silly addNameRange     '0.2.4',
30 silly addNameRange     '0.2.5',
30 silly addNameRange     '0.2.6',
30 silly addNameRange     '0.2.9',
30 silly addNameRange     '0.3.0',
30 silly addNameRange     '0.4.0',
30 silly addNameRange     '0.4.1',
30 silly addNameRange     '0.5.0',
30 silly addNameRange     '0.5.1',
30 silly addNameRange     '0.5.2',
30 silly addNameRange     '0.5.3',
30 silly addNameRange     '0.5.5',
30 silly addNameRange     '0.6.0',
30 silly addNameRange     '0.6.1',
30 silly addNameRange     '0.7.0',
30 silly addNameRange     '0.7.1',
30 silly addNameRange     '0.7.2',
30 silly addNameRange     '0.7.3',
30 silly addNameRange     '0.7.4',
30 silly addNameRange     '0.7.5',
30 silly addNameRange     '0.8.0' ] ]
31 verbose addNamed [ 'http-server', '0.8.0' ]
32 verbose addNamed [ '0.8.0', '0.8.0' ]
33 silly lockFile d5e3e4a2-http-server-0-8-0 http-server@0.8.0
34 verbose lock http-server@0.8.0 /home/valik-pc/.npm/d5e3e4a2-http-server-0-8-0.lock
35 silly lockFile a0b6e4df-ttp-server-http-server-0-8-0-tgz https://registry.npmjs.org/http-server/-/http-server-0.8.0.tgz
36 verbose lock https://registry.npmjs.org/http-server/-/http-server-0.8.0.tgz /home/valik-pc/.npm/a0b6e4df-ttp-server-http-server-0-8-0-tgz.lock
37 verbose addRemoteTarball [ 'https://registry.npmjs.org/http-server/-/http-server-0.8.0.tgz',
37 verbose addRemoteTarball   'd4b671781ec6bf9fa6a311cd1df683b0b37b1491' ]
38 info retry fetch attempt 1 at 01:46:55
39 verbose fetch to= /tmp/npm-5818-d6A3I_lf/registry.npmjs.org/http-server/-/http-server-0.8.0.tgz
40 http GET https://registry.npmjs.org/http-server/-/http-server-0.8.0.tgz
41 http 200 https://registry.npmjs.org/http-server/-/http-server-0.8.0.tgz
42 silly lockFile a0b6e4df-ttp-server-http-server-0-8-0-tgz https://registry.npmjs.org/http-server/-/http-server-0.8.0.tgz
43 silly lockFile a0b6e4df-ttp-server-http-server-0-8-0-tgz https://registry.npmjs.org/http-server/-/http-server-0.8.0.tgz
44 silly lockFile d5e3e4a2-http-server-0-8-0 http-server@0.8.0
45 silly lockFile d5e3e4a2-http-server-0-8-0 http-server@0.8.0
46 silly lockFile 550353c6-http-server http-server@
47 silly lockFile 550353c6-http-server http-server@
48 silly resolved [ { name: 'http-server',
48 silly resolved     version: '0.8.0',
48 silly resolved     description: 'A simple zero-configuration command-line http server',
48 silly resolved     main: './lib/http-server',
48 silly resolved     repository:
48 silly resolved      { type: 'git',
48 silly resolved        url: 'git://github.com/indexzero/http-server.git' },
48 silly resolved     keywords: [ 'cli', 'command' ],
48 silly resolved     scripts:
48 silly resolved      { start: 'node ./bin/http-server',
48 silly resolved        pretest: 'stylezero bin/ lib/ test',
48 silly resolved        test: 'vows --spec --isolate' },
48 silly resolved     contributors:
48 silly resolved      [ [Object],
48 silly resolved        [Object],
48 silly resolved        [Object],
48 silly resolved        [Object],
48 silly resolved        [Object],
48 silly resolved        [Object],
48 silly resolved        [Object],
48 silly resolved        [Object],
48 silly resolved        [Object],
48 silly resolved        [Object] ],
48 silly resolved     dependencies:
48 silly resolved      { colors: '1.0.3',
48 silly resolved        optimist: '0.6.x',
48 silly resolved        union: '~0.4.3',
48 silly resolved        ecstatic: '~0.7.0',
48 silly resolved        'http-proxy': '^1.8.1',
48 silly resolved        portfinder: '0.4.x',
48 silly resolved        opener: '~1.4.0',
48 silly resolved        corser: '~2.0.0' },
48 silly resolved     devDependencies: { vows: '0.7.x', request: '2.49.x', stylezero: '2.2.0' },
48 silly resolved     bugs: { url: 'https://github.com/nodeapps/http-server/issues' },
48 silly resolved     licenses: [ [Object] ],
48 silly resolved     preferGlobal: 'true',
48 silly resolved     bin: { 'http-server': './bin/http-server', hs: './bin/http-server' },
48 silly resolved     gitHead: 'ac38a041c954c863fd695b0f70ba251399856812',
48 silly resolved     homepage: 'https://github.com/indexzero/http-server',
48 silly resolved     _id: 'http-server@0.8.0',
48 silly resolved     _shasum: 'd4b671781ec6bf9fa6a311cd1df683b0b37b1491',
48 silly resolved     _from: 'http-server@',
48 silly resolved     _npmVersion: '2.2.0',
48 silly resolved     _nodeVersion: '0.10.33',
48 silly resolved     _npmUser: { name: 'indexzero', email: 'charlie.robbins@gmail.com' },
48 silly resolved     maintainers: [ [Object] ],
48 silly resolved     dist:
48 silly resolved      { shasum: 'd4b671781ec6bf9fa6a311cd1df683b0b37b1491',
48 silly resolved        tarball: 'http://registry.npmjs.org/http-server/-/http-server-0.8.0.tgz' },
48 silly resolved     directories: {},
48 silly resolved     _resolved: 'https://registry.npmjs.org/http-server/-/http-server-0.8.0.tgz' } ]
49 info install http-server@0.8.0 into /usr/lib
50 info installOne http-server@0.8.0
51 verbose lib/node_modules/http-server unbuild
52 verbose tar unpack /home/valik-pc/.npm/http-server/0.8.0/package.tgz
53 silly lockFile c4aa20d2-usr-lib-node-modules-http-server tar:///usr/lib/node_modules/http-server
54 verbose lock tar:///usr/lib/node_modules/http-server /home/valik-pc/.npm/c4aa20d2-usr-lib-node-modules-http-server.lock
55 silly lockFile 7b26da4b-pm-http-server-0-8-0-package-tgz tar:///home/valik-pc/.npm/http-server/0.8.0/package.tgz
56 verbose lock tar:///home/valik-pc/.npm/http-server/0.8.0/package.tgz /home/valik-pc/.npm/7b26da4b-pm-http-server-0-8-0-package-tgz.lock
57 silly gunzTarPerm modes [ '775', '664' ]
58 error Error: EACCES, mkdir '/usr/lib/node_modules/http-server'
58 error  { [Error: EACCES, mkdir '/usr/lib/node_modules/http-server']
58 error   errno: 3,
58 error   code: 'EACCES',
58 error   path: '/usr/lib/node_modules/http-server',
58 error   fstream_type: 'Directory',
58 error   fstream_path: '/usr/lib/node_modules/http-server',
58 error   fstream_class: 'DirWriter',
58 error   fstream_stack:
58 error    [ '/usr/lib/node_modules/npm/node_modules/fstream/lib/dir-writer.js:36:23',
58 error      '/usr/lib/node_modules/npm/node_modules/mkdirp/index.js:46:53',
58 error      'Object.oncomplete (fs.js:108:15)' ] }
59 error Please try running this command again as root/Administrator.
60 error System Linux 3.16.0-37-generic
61 error command "/usr/bin/node" "/usr/bin/npm" "install" "http-server" "-g"
62 error cwd /var/www/distance-learning-go/client
63 error node -v v0.10.38
64 error npm -v 1.4.28
65 error path /usr/lib/node_modules/http-server
66 error fstream_path /usr/lib/node_modules/http-server
67 error fstream_type Directory
68 error fstream_class DirWriter
69 error code EACCES
70 error errno 3
71 error stack Error: EACCES, mkdir '/usr/lib/node_modules/http-server'
72 error fstream_stack /usr/lib/node_modules/npm/node_modules/fstream/lib/dir-writer.js:36:23
72 error fstream_stack /usr/lib/node_modules/npm/node_modules/mkdirp/index.js:46:53
72 error fstream_stack Object.oncomplete (fs.js:108:15)
73 verbose exit [ 3, true ]
